<?xml version="1.0" encoding="UTF-8"?>
<testsuite xmlns:xsi="http://www.w3.org/2001/XMLSchema-instance" xsi:noNamespaceSchemaLocation="https://maven.apache.org/surefire/maven-surefire-plugin/xsd/surefire-test-report.xsd" name="test.java.ensta.AppTest" time="0.008" tests="1" errors="0" skipped="0" failures="0">
  <properties>
    <property name="sun.desktop" value="windows"/>
    <property name="awt.toolkit" value="sun.awt.windows.WToolkit"/>
    <property name="file.encoding.pkg" value="sun.io"/>
    <property name="java.specification.version" value="1.8"/>
    <property name="sun.cpu.isalist" value="amd64"/>
    <property name="sun.jnu.encoding" value="Cp1252"/>
    <property name="java.class.path" value="C:\Users\Kirito\Documents\Programmes\Java\ENSTA Bataille Navale\target\test-classes;C:\Users\Kirito\Documents\Programmes\Java\ENSTA Bataille Navale\target\classes;C:\Users\Kirito\.m2\repository\junit\junit\3.8.1\junit-3.8.1.jar;"/>
    <property name="java.vm.vendor" value="Oracle Corporation"/>
    <property name="sun.arch.data.model" value="64"/>
    <property name="user.variant" value=""/>
    <property name="java.vendor.url" value="http://java.oracle.com/"/>
    <property name="user.timezone" value="Europe/Paris"/>
    <property name="java.vm.specification.version" value="1.8"/>
    <property name="os.name" value="Windows 10"/>
    <property name="user.country" value="FR"/>
    <property name="sun.java.launcher" value="SUN_STANDARD"/>
    <property name="sun.boot.library.path" value="C:\Program Files\Java\jdk1.8.0_272\jre\bin"/>
    <property name="sun.java.command" value="C:\Users\Kirito\AppData\Local\Temp\surefire5618517001551564162\surefirebooter5833599416295259866.jar C:\Users\Kirito\AppData\Local\Temp\surefire5618517001551564162 2021-02-10T00-42-06_011-jvmRun1 surefire4229848344325843296tmp surefire_06094351014058230694tmp"/>
    <property name="surefire.test.class.path" value="C:\Users\Kirito\Documents\Programmes\Java\ENSTA Bataille Navale\target\test-classes;C:\Users\Kirito\Documents\Programmes\Java\ENSTA Bataille Navale\target\classes;C:\Users\Kirito\.m2\repository\junit\junit\3.8.1\junit-3.8.1.jar;"/>
    <property name="sun.cpu.endian" value="little"/>
    <property name="user.home" value="C:\Users\Kirito"/>
    <property name="user.language" value="fr"/>
    <property name="java.specification.vendor" value="Oracle Corporation"/>
    <property name="java.home" value="C:\Program Files\Java\jdk1.8.0_272\jre"/>
    <property name="basedir" value="C:\Users\Kirito\Documents\Programmes\Java\ENSTA Bataille Navale"/>
    <property name="file.separator" value="\"/>
    <property name="line.separator" value="&#10;"/>
    <property name="java.vm.specification.vendor" value="Oracle Corporation"/>
    <property name="java.specification.name" value="Java Platform API Specification"/>
    <property name="java.awt.graphicsenv" value="sun.awt.Win32GraphicsEnvironment"/>
    <property name="surefire.real.class.path" value="C:\Users\Kirito\AppData\Local\Temp\surefire5618517001551564162\surefirebooter5833599416295259866.jar"/>
    <property name="sun.boot.class.path" value="C:\Program Files\Java\jdk1.8.0_272\jre\lib\resources.jar;C:\Program Files\Java\jdk1.8.0_272\jre\lib\rt.jar;C:\Program Files\Java\jdk1.8.0_272\jre\lib\sunrsasign.jar;C:\Program Files\Java\jdk1.8.0_272\jre\lib\jsse.jar;C:\Program Files\Java\jdk1.8.0_272\jre\lib\jce.jar;C:\Program Files\Java\jdk1.8.0_272\jre\lib\charsets.jar;C:\Program Files\Java\jdk1.8.0_272\jre\lib\jfr.jar;C:\Program Files\Java\jdk1.8.0_272\jre\classes"/>
    <property name="user.script" value=""/>
    <property name="sun.management.compiler" value="HotSpot 64-Bit Tiered Compilers"/>
    <property name="java.runtime.version" value="1.8.0-272-b10"/>
    <property name="user.name" value="OneShot"/>
    <property name="path.separator" value=";"/>
    <property name="os.version" value="10.0"/>
    <property name="java.endorsed.dirs" value="C:\Program Files\Java\jdk1.8.0_272\jre\lib\endorsed"/>
    <property name="java.runtime.name" value="OpenJDK Runtime Environment"/>
    <property name="file.encoding" value="Cp1252"/>
    <property name="java.vm.name" value="OpenJDK 64-Bit Server VM"/>
    <property name="localRepository" value="C:\Users\Kirito\.m2\repository"/>
    <property name="java.vendor.url.bug" value="http://bugreport.sun.com/bugreport/"/>
    <property name="java.io.tmpdir" value="C:\Users\Kirito\AppData\Local\Temp\"/>
    <property name="java.version" value="1.8.0-272"/>
    <property name="user.dir" value="C:\Users\Kirito\Documents\Programmes\Java\ENSTA Bataille Navale"/>
    <property name="os.arch" value="amd64"/>
    <property name="java.vm.specification.name" value="Java Virtual Machine Specification"/>
    <property name="java.awt.printerjob" value="sun.awt.windows.WPrinterJob"/>
    <property name="sun.os.patch.level" value=""/>
    <property name="java.library.path" value="C:\Program Files\Java\jdk1.8.0_272\jre\bin;C:\WINDOWS\Sun\Java\bin;C:\WINDOWS\system32;C:\WINDOWS;C:\Program Files (x86)\Intel\Intel(R) Management Engine Components\iCLS\;C:\Program Files\Intel\Intel(R) Management Engine Components\iCLS\;C:\WINDOWS\system32;C:\WINDOWS;C:\WINDOWS\System32\Wbem;C:\WINDOWS\System32\WindowsPowerShell\v1.0\;C:\Program Files\nodejs\;C:\MinGW\bin;C:\Program Files (x86)\NVIDIA Corporation\PhysX\Common;C:\WINDOWS\system32;C:\WINDOWS;C:\WINDOWS\System32\Wbem;C:\WINDOWS\System32\WindowsPowerShell\v1.0\;C:\WINDOWS\System32\OpenSSH\;C:\FFMPEG\bin;C:\Users\Kirito\Documents\Programmes\C++\1 - Executables;C:\Users\Kirito\Documents\tools\bin;C:\Program Files (x86)\Intel\Intel(R) Management Engine Components\DAL;C:\Program Files\Intel\Intel(R) Management Engine Components\DAL;C:\Program Files (x86)\Intel\Intel(R) Management Engine Components\IPT;C:\Program Files\Intel\Intel(R) Management Engine Components\IPT;C:\Program Files\MiKTeX\miktex\bin\x64\;C:\Program Files\NVIDIA Corporation\NVIDIA NvDLISR;C:\Users\Kirito\Documents\apache-maven-3.6.3\bin;C:\Program Files\Java\jdk1.8.0_272\bin;C:\Users\Kirito\AppData\Local\Programs\Python\Python38\Scripts\;C:\Users\Kirito\AppData\Local\Programs\Python\Python38\;C:\Users\Kirito\AppData\Local\GitHubDesktop\bin;C:\Users\Kirito\AppData\Local\Microsoft\WindowsApps;;C:\Users\Kirito\AppData\Local\Programs\Microsoft VS Code\bin;."/>
    <property name="java.vm.info" value="mixed mode"/>
    <property name="java.vendor" value="OpenLogic-OpenJDK"/>
    <property name="java.vm.version" value="25.71-b10"/>
    <property name="java.ext.dirs" value="C:\Program Files\Java\jdk1.8.0_272\jre\lib\ext;C:\WINDOWS\Sun\Java\lib\ext"/>
    <property name="sun.io.unicode.encoding" value="UnicodeLittle"/>
    <property name="java.class.version" value="52.0"/>
  </properties>
  <testcase name="testApp" classname="test.java.ensta.AppTest" time="0.001"/>
</testsuite>